<?xml version="1.0" encoding="UTF-8"?>
<!-- Generated by org.testng.reporters.JUnitReportReporter -->
<testsuite hostname="SRV03WAP101" failures="0" tests="2" name="com.actions.ExecuteTestCases" time="58.117" errors="0" timestamp="5 Dec 2018 04:39:54 GMT">
  <testcase classname="com.actions.ExecuteTestCases" name="BookAppointment" time="43.768"/>
  <testcase classname="com.actions.ExecuteTestCases" name="BookAppointment" time="14.349"/>
</testsuite> <!-- com.actions.ExecuteTestCases -->
