<?xml version="1.0" encoding="UTF-8"?>
<!-- Generated by org.testng.reporters.JUnitReportReporter -->
<testsuite hostname="PCVDIW7GP001263" name="util.ExecuteTestCases" tests="2" failures="0" timestamp="25 Oct 2018 04:39:11 GMT" time="57.302" errors="0">
  <testcase name="Complaint" time="51.254" classname="util.ExecuteTestCases"/>
  <testcase name="Complaint" time="6.048" classname="util.ExecuteTestCases"/>
</testsuite> <!-- util.ExecuteTestCases -->
