<?xml version="1.0" encoding="UTF-8"?>
<!-- Generated by org.testng.reporters.JUnitReportReporter -->
<testsuite hostname="SRV03WAP101" failures="0" tests="3" name="com.actions.ExecuteTestCases" time="55.572" errors="0" timestamp="14 Dec 2018 12:37:23 GMT">
  <testcase classname="com.actions.ExecuteTestCases" name="Test" time="27.249"/>
  <testcase classname="com.actions.ExecuteTestCases" name="Test" time="13.910"/>
  <testcase classname="com.actions.ExecuteTestCases" name="Test" time="14.413"/>
</testsuite> <!-- com.actions.ExecuteTestCases -->
